0 info it worked if it ends with ok
1 verbose cli [ '/usr/local/bin/node',
1 verbose cli   '/usr/local/bin/npm',
1 verbose cli   'install',
1 verbose cli   '--save',
1 verbose cli   'gulp-jshint' ]
2 info using npm@3.10.9
3 info using node@v7.2.0
4 silly loadCurrentTree Starting
5 silly install loadCurrentTree
6 silly install readLocalPackageData
7 silly fetchPackageMetaData gulp-jshint
8 silly fetchNamedPackageData gulp-jshint
9 silly mapToRegistry name gulp-jshint
10 silly mapToRegistry using default registry
11 silly mapToRegistry registry https://registry.npmjs.org/
12 silly mapToRegistry data Result {
12 silly mapToRegistry   raw: 'gulp-jshint',
12 silly mapToRegistry   scope: null,
12 silly mapToRegistry   escapedName: 'gulp-jshint',
12 silly mapToRegistry   name: 'gulp-jshint',
12 silly mapToRegistry   rawSpec: '',
12 silly mapToRegistry   spec: 'latest',
12 silly mapToRegistry   type: 'tag' }
13 silly mapToRegistry uri https://registry.npmjs.org/gulp-jshint
14 verbose request uri https://registry.npmjs.org/gulp-jshint
15 verbose request no auth needed
16 info attempt registry request try #1 at 6:57:55 PM
17 verbose request id 5f438406cc66a6b2
18 verbose etag W/"585d3e54-11bdf"
19 verbose lastModified Fri, 23 Dec 2016 15:10:12 GMT
20 http request GET https://registry.npmjs.org/gulp-jshint
21 info retry will retry, error on last attempt: Error: getaddrinfo ENOTFOUND registry.npmjs.org registry.npmjs.org:443
22 info attempt registry request try #2 at 6:58:06 PM
23 verbose etag W/"585d3e54-11bdf"
24 verbose lastModified Fri, 23 Dec 2016 15:10:12 GMT
25 http request GET https://registry.npmjs.org/gulp-jshint
26 info retry will retry, error on last attempt: Error: getaddrinfo ENOTFOUND registry.npmjs.org registry.npmjs.org:443
27 info attempt registry request try #3 at 6:59:06 PM
28 verbose etag W/"585d3e54-11bdf"
29 verbose lastModified Fri, 23 Dec 2016 15:10:12 GMT
30 http request GET https://registry.npmjs.org/gulp-jshint
31 silly get cb [ 304, undefined ]
32 verbose etag https://registry.npmjs.org/gulp-jshint from cache
33 verbose get saving gulp-jshint to /Users/JohnnyRingo/.npm/registry.npmjs.org/gulp-jshint/.cache.json
34 verbose correctMkdir /Users/JohnnyRingo/.npm correctMkdir not in flight; initializing
35 silly install normalizeTree
36 silly loadCurrentTree Finishing
37 silly loadIdealTree Starting
38 silly install loadIdealTree
39 silly cloneCurrentTree Starting
40 silly install cloneCurrentTreeToIdealTree
41 silly cloneCurrentTree Finishing
42 silly loadShrinkwrap Starting
43 silly install loadShrinkwrap
44 silly loadShrinkwrap Finishing
45 silly loadAllDepsIntoIdealTree Starting
46 silly install loadAllDepsIntoIdealTree
47 silly resolveWithNewModule gulp-jshint@2.0.4 checking installable status
48 silly cache add args [ 'gulp-jshint', null ]
49 verbose cache add spec gulp-jshint
50 silly cache add parsed spec Result {
50 silly cache add   raw: 'gulp-jshint',
50 silly cache add   scope: null,
50 silly cache add   escapedName: 'gulp-jshint',
50 silly cache add   name: 'gulp-jshint',
50 silly cache add   rawSpec: '',
50 silly cache add   spec: 'latest',
50 silly cache add   type: 'tag' }
51 silly addNamed gulp-jshint@latest
52 verbose addNamed "latest" is being treated as a dist-tag for gulp-jshint
53 info addNameTag [ 'gulp-jshint', 'latest' ]
54 silly mapToRegistry name gulp-jshint
55 silly mapToRegistry using default registry
56 silly mapToRegistry registry https://registry.npmjs.org/
57 silly mapToRegistry data Result {
57 silly mapToRegistry   raw: 'gulp-jshint',
57 silly mapToRegistry   scope: null,
57 silly mapToRegistry   escapedName: 'gulp-jshint',
57 silly mapToRegistry   name: 'gulp-jshint',
57 silly mapToRegistry   rawSpec: '',
57 silly mapToRegistry   spec: 'latest',
57 silly mapToRegistry   type: 'tag' }
58 silly mapToRegistry uri https://registry.npmjs.org/gulp-jshint
59 verbose addNameTag registry:https://registry.npmjs.org/gulp-jshint not in flight; fetching
60 verbose get https://registry.npmjs.org/gulp-jshint not expired, no request
61 silly addNameTag next cb for gulp-jshint with tag latest
62 silly addNamed gulp-jshint@2.0.4
63 verbose addNamed "2.0.4" is a plain semver version for gulp-jshint
64 silly cache afterAdd gulp-jshint@2.0.4
65 verbose afterAdd /Users/JohnnyRingo/.npm/gulp-jshint/2.0.4/package/package.json not in flight; writing
66 verbose correctMkdir /Users/JohnnyRingo/.npm correctMkdir not in flight; initializing
67 verbose afterAdd /Users/JohnnyRingo/.npm/gulp-jshint/2.0.4/package/package.json written
68 silly fetchNamedPackageData lodash
69 silly mapToRegistry name lodash
70 silly mapToRegistry using default registry
71 silly mapToRegistry registry https://registry.npmjs.org/
72 silly mapToRegistry data Result {
72 silly mapToRegistry   raw: 'lodash',
72 silly mapToRegistry   scope: null,
72 silly mapToRegistry   escapedName: 'lodash',
72 silly mapToRegistry   name: 'lodash',
72 silly mapToRegistry   rawSpec: '',
72 silly mapToRegistry   spec: 'latest',
72 silly mapToRegistry   type: 'tag' }
73 silly mapToRegistry uri https://registry.npmjs.org/lodash
74 silly fetchNamedPackageData minimatch
75 silly mapToRegistry name minimatch
76 silly mapToRegistry using default registry
77 silly mapToRegistry registry https://registry.npmjs.org/
78 silly mapToRegistry data Result {
78 silly mapToRegistry   raw: 'minimatch',
78 silly mapToRegistry   scope: null,
78 silly mapToRegistry   escapedName: 'minimatch',
78 silly mapToRegistry   name: 'minimatch',
78 silly mapToRegistry   rawSpec: '',
78 silly mapToRegistry   spec: 'latest',
78 silly mapToRegistry   type: 'tag' }
79 silly mapToRegistry uri https://registry.npmjs.org/minimatch
80 silly fetchNamedPackageData rcloader
81 silly mapToRegistry name rcloader
82 silly mapToRegistry using default registry
83 silly mapToRegistry registry https://registry.npmjs.org/
84 silly mapToRegistry data Result {
84 silly mapToRegistry   raw: 'rcloader',
84 silly mapToRegistry   scope: null,
84 silly mapToRegistry   escapedName: 'rcloader',
84 silly mapToRegistry   name: 'rcloader',
84 silly mapToRegistry   rawSpec: '',
84 silly mapToRegistry   spec: 'latest',
84 silly mapToRegistry   type: 'tag' }
85 silly mapToRegistry uri https://registry.npmjs.org/rcloader
86 verbose request uri https://registry.npmjs.org/minimatch
87 verbose request no auth needed
88 info attempt registry request try #1 at 6:59:06 PM
89 verbose etag W/"590f633e-d1b5"
90 verbose lastModified Sun, 07 May 2017 18:11:10 GMT
91 http request GET https://registry.npmjs.org/minimatch
92 info retry will retry, error on last attempt: Error: getaddrinfo ENOTFOUND registry.npmjs.org registry.npmjs.org:443
93 verbose request uri https://registry.npmjs.org/lodash
94 verbose request no auth needed
95 info attempt registry request try #1 at 6:59:06 PM
96 verbose etag W/"591203f8-29464"
97 verbose lastModified Tue, 09 May 2017 18:01:28 GMT
98 http request GET https://registry.npmjs.org/lodash
99 info retry will retry, error on last attempt: Error: getaddrinfo ENOTFOUND registry.npmjs.org registry.npmjs.org:443
100 verbose request uri https://registry.npmjs.org/rcloader
101 verbose request no auth needed
102 info attempt registry request try #1 at 6:59:06 PM
103 verbose etag W/"582a15de-2dad"
104 verbose lastModified Mon, 14 Nov 2016 19:51:58 GMT
105 http request GET https://registry.npmjs.org/rcloader
106 info retry will retry, error on last attempt: Error: getaddrinfo ENOTFOUND registry.npmjs.org registry.npmjs.org:443
107 info attempt registry request try #2 at 6:59:16 PM
108 verbose etag W/"590f633e-d1b5"
109 verbose lastModified Sun, 07 May 2017 18:11:10 GMT
110 http request GET https://registry.npmjs.org/minimatch
111 info retry will retry, error on last attempt: Error: getaddrinfo ENOTFOUND registry.npmjs.org registry.npmjs.org:443
112 info attempt registry request try #2 at 6:59:16 PM
113 verbose etag W/"591203f8-29464"
114 verbose lastModified Tue, 09 May 2017 18:01:28 GMT
115 http request GET https://registry.npmjs.org/lodash
116 info retry will retry, error on last attempt: Error: getaddrinfo ENOTFOUND registry.npmjs.org registry.npmjs.org:443
117 info attempt registry request try #2 at 6:59:16 PM
118 verbose etag W/"582a15de-2dad"
119 verbose lastModified Mon, 14 Nov 2016 19:51:58 GMT
120 http request GET https://registry.npmjs.org/rcloader
121 info retry will retry, error on last attempt: Error: getaddrinfo ENOTFOUND registry.npmjs.org registry.npmjs.org:443
122 info attempt registry request try #3 at 7:00:16 PM
123 verbose etag W/"590f633e-d1b5"
124 verbose lastModified Sun, 07 May 2017 18:11:10 GMT
125 http request GET https://registry.npmjs.org/minimatch
126 silly get cb [ 304, undefined ]
127 verbose etag https://registry.npmjs.org/minimatch from cache
128 verbose get saving minimatch to /Users/JohnnyRingo/.npm/registry.npmjs.org/minimatch/.cache.json
129 verbose correctMkdir /Users/JohnnyRingo/.npm correctMkdir not in flight; initializing
130 info attempt registry request try #3 at 7:00:16 PM
131 verbose etag W/"591203f8-29464"
132 verbose lastModified Tue, 09 May 2017 18:01:28 GMT
133 http request GET https://registry.npmjs.org/lodash
134 silly get cb [ 304, undefined ]
135 verbose etag https://registry.npmjs.org/lodash from cache
136 verbose get saving lodash to /Users/JohnnyRingo/.npm/registry.npmjs.org/lodash/.cache.json
137 verbose correctMkdir /Users/JohnnyRingo/.npm correctMkdir not in flight; initializing
138 info attempt registry request try #3 at 7:00:16 PM
139 verbose etag W/"582a15de-2dad"
140 verbose lastModified Mon, 14 Nov 2016 19:51:58 GMT
141 http request GET https://registry.npmjs.org/rcloader
142 silly get cb [ 304, undefined ]
143 verbose etag https://registry.npmjs.org/rcloader from cache
144 verbose get saving rcloader to /Users/JohnnyRingo/.npm/registry.npmjs.org/rcloader/.cache.json
145 verbose correctMkdir /Users/JohnnyRingo/.npm correctMkdir not in flight; initializing
146 silly resolveWithNewModule rcloader@0.2.2 checking installable status
147 silly cache add args [ 'rcloader@^0.2.2', null ]
148 verbose cache add spec rcloader@^0.2.2
149 silly cache add parsed spec Result {
149 silly cache add   raw: 'rcloader@^0.2.2',
149 silly cache add   scope: null,
149 silly cache add   escapedName: 'rcloader',
149 silly cache add   name: 'rcloader',
149 silly cache add   rawSpec: '^0.2.2',
149 silly cache add   spec: '>=0.2.2 <0.3.0',
149 silly cache add   type: 'range' }
150 silly addNamed rcloader@>=0.2.2 <0.3.0
151 verbose addNamed ">=0.2.2 <0.3.0" is a valid semver range for rcloader
152 silly addNameRange { name: 'rcloader', range: '>=0.2.2 <0.3.0', hasData: false }
153 silly mapToRegistry name rcloader
154 silly mapToRegistry using default registry
155 silly mapToRegistry registry https://registry.npmjs.org/
156 silly mapToRegistry data Result {
156 silly mapToRegistry   raw: 'rcloader',
156 silly mapToRegistry   scope: null,
156 silly mapToRegistry   escapedName: 'rcloader',
156 silly mapToRegistry   name: 'rcloader',
156 silly mapToRegistry   rawSpec: '',
156 silly mapToRegistry   spec: 'latest',
156 silly mapToRegistry   type: 'tag' }
157 silly mapToRegistry uri https://registry.npmjs.org/rcloader
158 verbose addNameRange registry:https://registry.npmjs.org/rcloader not in flight; fetching
159 silly resolveWithNewModule lodash@4.17.4 checking installable status
160 silly cache add args [ 'lodash@^4.12.0', null ]
161 verbose cache add spec lodash@^4.12.0
162 silly cache add parsed spec Result {
162 silly cache add   raw: 'lodash@^4.12.0',
162 silly cache add   scope: null,
162 silly cache add   escapedName: 'lodash',
162 silly cache add   name: 'lodash',
162 silly cache add   rawSpec: '^4.12.0',
162 silly cache add   spec: '>=4.12.0 <5.0.0',
162 silly cache add   type: 'range' }
163 silly addNamed lodash@>=4.12.0 <5.0.0
164 verbose addNamed ">=4.12.0 <5.0.0" is a valid semver range for lodash
165 silly addNameRange { name: 'lodash', range: '>=4.12.0 <5.0.0', hasData: false }
166 silly mapToRegistry name lodash
167 silly mapToRegistry using default registry
168 silly mapToRegistry registry https://registry.npmjs.org/
169 silly mapToRegistry data Result {
169 silly mapToRegistry   raw: 'lodash',
169 silly mapToRegistry   scope: null,
169 silly mapToRegistry   escapedName: 'lodash',
169 silly mapToRegistry   name: 'lodash',
169 silly mapToRegistry   rawSpec: '',
169 silly mapToRegistry   spec: 'latest',
169 silly mapToRegistry   type: 'tag' }
170 silly mapToRegistry uri https://registry.npmjs.org/lodash
171 verbose addNameRange registry:https://registry.npmjs.org/lodash not in flight; fetching
172 silly resolveWithNewModule minimatch@3.0.4 checking installable status
173 silly cache add args [ 'minimatch@^3.0.3', null ]
174 verbose cache add spec minimatch@^3.0.3
175 silly cache add parsed spec Result {
175 silly cache add   raw: 'minimatch@^3.0.3',
175 silly cache add   scope: null,
175 silly cache add   escapedName: 'minimatch',
175 silly cache add   name: 'minimatch',
175 silly cache add   rawSpec: '^3.0.3',
175 silly cache add   spec: '>=3.0.3 <4.0.0',
175 silly cache add   type: 'range' }
176 silly addNamed minimatch@>=3.0.3 <4.0.0
177 verbose addNamed ">=3.0.3 <4.0.0" is a valid semver range for minimatch
178 silly addNameRange { name: 'minimatch', range: '>=3.0.3 <4.0.0', hasData: false }
179 silly mapToRegistry name minimatch
180 silly mapToRegistry using default registry
181 silly mapToRegistry registry https://registry.npmjs.org/
182 silly mapToRegistry data Result {
182 silly mapToRegistry   raw: 'minimatch',
182 silly mapToRegistry   scope: null,
182 silly mapToRegistry   escapedName: 'minimatch',
182 silly mapToRegistry   name: 'minimatch',
182 silly mapToRegistry   rawSpec: '',
182 silly mapToRegistry   spec: 'latest',
182 silly mapToRegistry   type: 'tag' }
183 silly mapToRegistry uri https://registry.npmjs.org/minimatch
184 verbose addNameRange registry:https://registry.npmjs.org/minimatch not in flight; fetching
185 verbose get https://registry.npmjs.org/rcloader not expired, no request
186 silly addNameRange number 2 { name: 'rcloader', range: '>=0.2.2 <0.3.0', hasData: true }
187 silly addNameRange versions [ 'rcloader',
187 silly addNameRange   [ '0.0.1',
187 silly addNameRange     '0.1.0',
187 silly addNameRange     '0.1.1',
187 silly addNameRange     '0.1.2',
187 silly addNameRange     '0.1.4',
187 silly addNameRange     '0.2.0',
187 silly addNameRange     '0.2.1',
187 silly addNameRange     '0.2.2' ] ]
188 silly addNamed rcloader@0.2.2
189 verbose addNamed "0.2.2" is a plain semver version for rcloader
190 verbose get https://registry.npmjs.org/lodash not expired, no request
191 silly addNameRange number 2 { name: 'lodash', range: '>=4.12.0 <5.0.0', hasData: true }
192 silly addNameRange versions [ 'lodash',
192 silly addNameRange   [ '0.1.0',
192 silly addNameRange     '0.2.0',
192 silly addNameRange     '0.2.1',
192 silly addNameRange     '0.2.2',
192 silly addNameRange     '0.3.0',
192 silly addNameRange     '0.3.1',
192 silly addNameRange     '0.3.2',
192 silly addNameRange     '0.4.0',
192 silly addNameRange     '0.4.1',
192 silly addNameRange     '0.4.2',
192 silly addNameRange     '0.5.0-rc.1',
192 silly addNameRange     '0.5.0',
192 silly addNameRange     '0.5.1',
192 silly addNameRange     '0.5.2',
192 silly addNameRange     '0.6.0',
192 silly addNameRange     '0.6.1',
192 silly addNameRange     '0.7.0',
192 silly addNameRange     '0.8.0',
192 silly addNameRange     '0.8.1',
192 silly addNameRange     '0.8.2',
192 silly addNameRange     '0.9.0',
192 silly addNameRange     '0.9.1',
192 silly addNameRange     '0.9.2',
192 silly addNameRange     '0.10.0',
192 silly addNameRange     '1.0.0-rc.1',
192 silly addNameRange     '1.0.0-rc.2',
192 silly addNameRange     '1.0.0-rc.3',
192 silly addNameRange     '1.0.0',
192 silly addNameRange     '1.0.1',
192 silly addNameRange     '1.1.0',
192 silly addNameRange     '1.1.1',
192 silly addNameRange     '1.2.0',
192 silly addNameRange     '1.2.1',
192 silly addNameRange     '1.3.0',
192 silly addNameRange     '1.3.1',
192 silly addNameRange     '2.0.0',
192 silly addNameRange     '2.1.0',
192 silly addNameRange     '2.2.0',
192 silly addNameRange     '2.2.1',
192 silly addNameRange     '2.3.0',
192 silly addNameRange     '2.4.0',
192 silly addNameRange     '2.4.1',
192 silly addNameRange     '3.0.0',
192 silly addNameRange     '3.0.1',
192 silly addNameRange     '3.1.0',
192 silly addNameRange     '3.2.0',
192 silly addNameRange     '3.3.0',
192 silly addNameRange     '3.3.1',
192 silly addNameRange     '3.4.0',
192 silly addNameRange     '3.5.0',
192 silly addNameRange     '3.6.0',
192 silly addNameRange     '1.0.2',
192 silly addNameRange     '3.7.0',
192 silly addNameRange     '2.4.2',
192 silly addNameRange     '3.8.0',
192 silly addNameRange     '3.9.0',
192 silly addNameRange     '3.9.1',
192 silly addNameRange     '3.9.2',
192 silly addNameRange     '3.9.3',
192 silly addNameRange     '3.10.0',
192 silly addNameRange     '3.10.1',
192 silly addNameRange     '4.0.0',
192 silly addNameRange     '4.0.1',
192 silly addNameRange     '4.1.0',
192 silly addNameRange     '4.2.0',
192 silly addNameRange     '4.2.1',
192 silly addNameRange     '4.3.0',
192 silly addNameRange     '4.4.0',
192 silly addNameRange     '4.5.0',
192 silly addNameRange     '4.5.1',
192 silly addNameRange     '4.6.0',
192 silly addNameRange     '4.6.1',
192 silly addNameRange     '4.7.0',
192 silly addNameRange     '4.8.0',
192 silly addNameRange     '4.8.1',
192 silly addNameRange     '4.8.2',
192 silly addNameRange     '4.9.0',
192 silly addNameRange     '4.10.0',
192 silly addNameRange     '4.11.0',
192 silly addNameRange     '4.11.1',
192 silly addNameRange     '4.11.2',
192 silly addNameRange     '4.12.0',
192 silly addNameRange     '4.13.0',
192 silly addNameRange     '4.13.1',
192 silly addNameRange     '4.14.0',
192 silly addNameRange     '4.14.1',
192 silly addNameRange     '4.14.2',
192 silly addNameRange     '4.15.0',
192 silly addNameRange     '4.16.0',
192 silly addNameRange     '4.16.1',
192 silly addNameRange     '4.16.2',
192 silly addNameRange     '4.16.3',
192 silly addNameRange     '4.16.4',
192 silly addNameRange     '4.16.5',
192 silly addNameRange     '4.16.6',
192 silly addNameRange     '4.17.0',
192 silly addNameRange     '4.17.1',
192 silly addNameRange     '4.17.2',
192 silly addNameRange     '4.17.3',
192 silly addNameRange     '4.17.4' ] ]
193 silly addNamed lodash@4.17.4
194 verbose addNamed "4.17.4" is a plain semver version for lodash
195 verbose get https://registry.npmjs.org/minimatch not expired, no request
196 silly addNameRange number 2 { name: 'minimatch', range: '>=3.0.3 <4.0.0', hasData: true }
197 silly addNameRange versions [ 'minimatch',
197 silly addNameRange   [ '0.0.1',
197 silly addNameRange     '0.0.2',
197 silly addNameRange     '0.0.4',
197 silly addNameRange     '0.0.5',
197 silly addNameRange     '0.1.1',
197 silly addNameRange     '0.1.2',
197 silly addNameRange     '0.1.3',
197 silly addNameRange     '0.1.4',
197 silly addNameRange     '0.1.5',
197 silly addNameRange     '0.2.0',
197 silly addNameRange     '0.2.2',
197 silly addNameRange     '0.2.3',
197 silly addNameRange     '0.2.4',
197 silly addNameRange     '0.2.5',
197 silly addNameRange     '0.2.6',
197 silly addNameRange     '0.2.7',
197 silly addNameRange     '0.2.8',
197 silly addNameRange     '0.2.9',
197 silly addNameRange     '0.2.10',
197 silly addNameRange     '0.2.11',
197 silly addNameRange     '0.2.12',
197 silly addNameRange     '0.2.13',
197 silly addNameRange     '0.2.14',
197 silly addNameRange     '0.3.0',
197 silly addNameRange     '0.4.0',
197 silly addNameRange     '1.0.0',
197 silly addNameRange     '2.0.0',
197 silly addNameRange     '2.0.1',
197 silly addNameRange     '2.0.2',
197 silly addNameRange     '2.0.3',
197 silly addNameRange     '2.0.4',
197 silly addNameRange     '2.0.5',
197 silly addNameRange     '2.0.6',
197 silly addNameRange     '2.0.7',
197 silly addNameRange     '2.0.8',
197 silly addNameRange     '2.0.9',
197 silly addNameRange     '2.0.10',
197 silly addNameRange     '3.0.0',
197 silly addNameRange     '3.0.2',
197 silly addNameRange     '3.0.3',
197 silly addNameRange     '3.0.4' ] ]
198 silly addNamed minimatch@3.0.4
199 verbose addNamed "3.0.4" is a plain semver version for minimatch
200 silly mapToRegistry name minimatch
201 silly mapToRegistry using default registry
202 silly mapToRegistry registry https://registry.npmjs.org/
203 silly mapToRegistry data Result {
203 silly mapToRegistry   raw: 'minimatch',
203 silly mapToRegistry   scope: null,
203 silly mapToRegistry   escapedName: 'minimatch',
203 silly mapToRegistry   name: 'minimatch',
203 silly mapToRegistry   rawSpec: '',
203 silly mapToRegistry   spec: 'latest',
203 silly mapToRegistry   type: 'tag' }
204 silly mapToRegistry uri https://registry.npmjs.org/minimatch
205 verbose addRemoteTarball https://registry.npmjs.org/minimatch/-/minimatch-3.0.4.tgz not in flight; adding
206 verbose addRemoteTarball [ 'https://registry.npmjs.org/minimatch/-/minimatch-3.0.4.tgz',
206 verbose addRemoteTarball   '5166e286457f03306064be5497e8dbb0c3d32083' ]
207 silly cache afterAdd rcloader@0.2.2
208 verbose afterAdd /Users/JohnnyRingo/.npm/rcloader/0.2.2/package/package.json not in flight; writing
209 verbose correctMkdir /Users/JohnnyRingo/.npm correctMkdir not in flight; initializing
210 info retry fetch attempt 1 at 7:00:17 PM
211 info attempt registry request try #1 at 7:00:17 PM
212 http fetch GET https://registry.npmjs.org/minimatch/-/minimatch-3.0.4.tgz
213 info retry will retry, error on last attempt: Error: getaddrinfo ENOTFOUND registry.npmjs.org registry.npmjs.org:443
214 verbose afterAdd /Users/JohnnyRingo/.npm/rcloader/0.2.2/package/package.json written
215 silly cache afterAdd lodash@4.17.4
216 verbose afterAdd /Users/JohnnyRingo/.npm/lodash/4.17.4/package/package.json not in flight; writing
217 verbose correctMkdir /Users/JohnnyRingo/.npm correctMkdir not in flight; initializing
218 verbose afterAdd /Users/JohnnyRingo/.npm/lodash/4.17.4/package/package.json written
219 info attempt registry request try #2 at 7:00:27 PM
220 http fetch GET https://registry.npmjs.org/minimatch/-/minimatch-3.0.4.tgz
221 info retry will retry, error on last attempt: Error: getaddrinfo ENOTFOUND registry.npmjs.org registry.npmjs.org:443
222 info attempt registry request try #3 at 7:01:27 PM
223 http fetch GET https://registry.npmjs.org/minimatch/-/minimatch-3.0.4.tgz
224 error fetch failed https://registry.npmjs.org/minimatch/-/minimatch-3.0.4.tgz
225 warn retry will retry, error on last attempt: Error: getaddrinfo ENOTFOUND registry.npmjs.org registry.npmjs.org:443
226 info retry fetch attempt 2 at 7:01:37 PM
227 info attempt registry request try #1 at 7:01:37 PM
228 http fetch GET https://registry.npmjs.org/minimatch/-/minimatch-3.0.4.tgz
229 info retry will retry, error on last attempt: Error: getaddrinfo ENOTFOUND registry.npmjs.org registry.npmjs.org:443
230 info attempt registry request try #2 at 7:01:47 PM
231 http fetch GET https://registry.npmjs.org/minimatch/-/minimatch-3.0.4.tgz
232 info retry will retry, error on last attempt: Error: getaddrinfo ENOTFOUND registry.npmjs.org registry.npmjs.org:443
233 info attempt registry request try #3 at 7:02:47 PM
234 http fetch GET https://registry.npmjs.org/minimatch/-/minimatch-3.0.4.tgz
235 error fetch failed https://registry.npmjs.org/minimatch/-/minimatch-3.0.4.tgz
236 warn retry will retry, error on last attempt: Error: getaddrinfo ENOTFOUND registry.npmjs.org registry.npmjs.org:443
237 info retry fetch attempt 3 at 7:03:47 PM
238 info attempt registry request try #1 at 7:03:47 PM
239 http fetch GET https://registry.npmjs.org/minimatch/-/minimatch-3.0.4.tgz
240 info retry will retry, error on last attempt: Error: getaddrinfo ENOTFOUND registry.npmjs.org registry.npmjs.org:443
241 info attempt registry request try #2 at 7:03:57 PM
242 http fetch GET https://registry.npmjs.org/minimatch/-/minimatch-3.0.4.tgz
243 info retry will retry, error on last attempt: Error: getaddrinfo ENOTFOUND registry.npmjs.org registry.npmjs.org:443
244 info attempt registry request try #3 at 7:04:57 PM
245 http fetch GET https://registry.npmjs.org/minimatch/-/minimatch-3.0.4.tgz
246 error fetch failed https://registry.npmjs.org/minimatch/-/minimatch-3.0.4.tgz
247 silly rollbackFailedOptional Starting
248 silly rollbackFailedOptional Finishing
249 silly runTopLevelLifecycles Finishing
250 silly install printInstalled
251 verbose stack Error: getaddrinfo ENOTFOUND registry.npmjs.org registry.npmjs.org:443
251 verbose stack     at errnoException (dns.js:28:10)
251 verbose stack     at GetAddrInfoReqWrap.onlookup [as oncomplete] (dns.js:76:26)
252 verbose cwd /Users/JohnnyRingo/Desktop/StudioMuso
253 error Darwin 15.6.0
254 error argv "/usr/local/bin/node" "/usr/local/bin/npm" "install" "--save" "gulp-jshint"
255 error node v7.2.0
256 error npm  v3.10.9
257 error code ENOTFOUND
258 error errno ENOTFOUND
259 error syscall getaddrinfo
260 error network getaddrinfo ENOTFOUND registry.npmjs.org registry.npmjs.org:443
261 error network This is most likely not a problem with npm itself
261 error network and is related to network connectivity.
261 error network In most cases you are behind a proxy or have bad network settings.
261 error network
261 error network If you are behind a proxy, please make sure that the
261 error network 'proxy' config is set properly.  See: 'npm help config'
262 verbose exit [ 1, true ]
